Determining if the pthread_create exist failed with the following output:
Change Dir: /home/varun/stoch_2_0/b3m/build/CMakeFiles/CMakeTmp

Run Build Command:"/usr/bin/make" "cmTC_23649/fast"
/usr/bin/make -f CMakeFiles/cmTC_23649.dir/build.make CMakeFiles/cmTC_23649.dir/build
make[1]: Entering directory '/home/varun/stoch_2_0/b3m/build/CMakeFiles/CMakeTmp'
Building C object CMakeFiles/cmTC_23649.dir/CheckSymbolExists.c.o
/usr/bin/cc     -o CMakeFiles/cmTC_23649.dir/CheckSymbolExists.c.o   -c /home/varun/stoch_2_0/b3m/build/CMakeFiles/CMakeTmp/CheckSymbolExists.c
Linking C executable cmTC_23649
/usr/bin/cmake -E cmake_link_script CMakeFiles/cmTC_23649.dir/link.txt --verbose=1
/usr/bin/cc       CMakeFiles/cmTC_23649.dir/CheckSymbolExists.c.o  -o cmTC_23649 -rdynamic 
CMakeFiles/cmTC_23649.dir/CheckSymbolExists.c.o: In function `main':
CheckSymbolExists.c:(.text+0x16): undefined reference to `pthread_create'
collect2: error: ld returned 1 exit status
CMakeFiles/cmTC_23649.dir/build.make:97: recipe for target 'cmTC_23649' failed
make[1]: *** [cmTC_23649] Error 1
make[1]: Leaving directory '/home/varun/stoch_2_0/b3m/build/CMakeFiles/CMakeTmp'
Makefile:126: recipe for target 'cmTC_23649/fast' failed
make: *** [cmTC_23649/fast] Error 2

File /home/varun/stoch_2_0/b3m/build/CMakeFiles/CMakeTmp/CheckSymbolExists.c:
/* */
#include <pthread.h>

int main(int argc, char** argv)
{
  (void)argv;
#ifndef pthread_create
  return ((int*)(&pthread_create))[argc];
#else
  (void)argc;
  return 0;
#endif
}

Determining if the function pthread_create exists in the pthreads failed with the following output:
Change Dir: /home/varun/stoch_2_0/b3m/build/CMakeFiles/CMakeTmp

Run Build Command:"/usr/bin/make" "cmTC_a8c3b/fast"
/usr/bin/make -f CMakeFiles/cmTC_a8c3b.dir/build.make CMakeFiles/cmTC_a8c3b.dir/build
make[1]: Entering directory '/home/varun/stoch_2_0/b3m/build/CMakeFiles/CMakeTmp'
Building C object CMakeFiles/cmTC_a8c3b.dir/CheckFunctionExists.c.o
/usr/bin/cc    -DCHECK_FUNCTION_EXISTS=pthread_create   -o CMakeFiles/cmTC_a8c3b.dir/CheckFunctionExists.c.o   -c /usr/share/cmake-3.5/Modules/CheckFunctionExists.c
Linking C executable cmTC_a8c3b
/usr/bin/cmake -E cmake_link_script CMakeFiles/cmTC_a8c3b.dir/link.txt --verbose=1
/usr/bin/cc   -DCHECK_FUNCTION_EXISTS=pthread_create    CMakeFiles/cmTC_a8c3b.dir/CheckFunctionExists.c.o  -o cmTC_a8c3b -rdynamic -lpthreads 
/usr/bin/ld: cannot find -lpthreads
collect2: error: ld returned 1 exit status
CMakeFiles/cmTC_a8c3b.dir/build.make:97: recipe for target 'cmTC_a8c3b' failed
make[1]: *** [cmTC_a8c3b] Error 1
make[1]: Leaving directory '/home/varun/stoch_2_0/b3m/build/CMakeFiles/CMakeTmp'
Makefile:126: recipe for target 'cmTC_a8c3b/fast' failed
make: *** [cmTC_a8c3b/fast] Error 2


Determining if the pthread_create exist failed with the following output:
Change Dir: /home/varun/stoch_2_0/b3m_old/build/CMakeFiles/CMakeTmp

Run Build Command:"/usr/bin/make" "cmTC_eb53c/fast"
/usr/bin/make -f CMakeFiles/cmTC_eb53c.dir/build.make CMakeFiles/cmTC_eb53c.dir/build
make[1]: Entering directory '/home/varun/stoch_2_0/b3m_old/build/CMakeFiles/CMakeTmp'
Building C object CMakeFiles/cmTC_eb53c.dir/CheckSymbolExists.c.o
/usr/bin/cc     -o CMakeFiles/cmTC_eb53c.dir/CheckSymbolExists.c.o   -c /home/varun/stoch_2_0/b3m_old/build/CMakeFiles/CMakeTmp/CheckSymbolExists.c
Linking C executable cmTC_eb53c
/usr/bin/cmake -E cmake_link_script CMakeFiles/cmTC_eb53c.dir/link.txt --verbose=1
/usr/bin/cc       CMakeFiles/cmTC_eb53c.dir/CheckSymbolExists.c.o  -o cmTC_eb53c -rdynamic 
CMakeFiles/cmTC_eb53c.dir/CheckSymbolExists.c.o: In function `main':
CheckSymbolExists.c:(.text+0x16): undefined reference to `pthread_create'
collect2: error: ld returned 1 exit status
CMakeFiles/cmTC_eb53c.dir/build.make:97: recipe for target 'cmTC_eb53c' failed
make[1]: *** [cmTC_eb53c] Error 1
make[1]: Leaving directory '/home/varun/stoch_2_0/b3m_old/build/CMakeFiles/CMakeTmp'
Makefile:126: recipe for target 'cmTC_eb53c/fast' failed
make: *** [cmTC_eb53c/fast] Error 2

File /home/varun/stoch_2_0/b3m_old/build/CMakeFiles/CMakeTmp/CheckSymbolExists.c:
/* */
#include <pthread.h>

int main(int argc, char** argv)
{
  (void)argv;
#ifndef pthread_create
  return ((int*)(&pthread_create))[argc];
#else
  (void)argc;
  return 0;
#endif
}

Determining if the function pthread_create exists in the pthreads failed with the following output:
Change Dir: /home/varun/stoch_2_0/b3m_old/build/CMakeFiles/CMakeTmp

Run Build Command:"/usr/bin/make" "cmTC_93874/fast"
/usr/bin/make -f CMakeFiles/cmTC_93874.dir/build.make CMakeFiles/cmTC_93874.dir/build
make[1]: Entering directory '/home/varun/stoch_2_0/b3m_old/build/CMakeFiles/CMakeTmp'
Building C object CMakeFiles/cmTC_93874.dir/CheckFunctionExists.c.o
/usr/bin/cc    -DCHECK_FUNCTION_EXISTS=pthread_create   -o CMakeFiles/cmTC_93874.dir/CheckFunctionExists.c.o   -c /usr/share/cmake-3.5/Modules/CheckFunctionExists.c
Linking C executable cmTC_93874
/usr/bin/cmake -E cmake_link_script CMakeFiles/cmTC_93874.dir/link.txt --verbose=1
/usr/bin/cc   -DCHECK_FUNCTION_EXISTS=pthread_create    CMakeFiles/cmTC_93874.dir/CheckFunctionExists.c.o  -o cmTC_93874 -rdynamic -lpthreads 
/usr/bin/ld: cannot find -lpthreads
collect2: error: ld returned 1 exit status
CMakeFiles/cmTC_93874.dir/build.make:97: recipe for target 'cmTC_93874' failed
make[1]: *** [cmTC_93874] Error 1
make[1]: Leaving directory '/home/varun/stoch_2_0/b3m_old/build/CMakeFiles/CMakeTmp'
Makefile:126: recipe for target 'cmTC_93874/fast' failed
make: *** [cmTC_93874/fast] Error 2


